<?xml version="1.0" encoding="UTF-8"?>
<!-- Generated by org.testng.reporters.JUnitReportReporter -->
<testsuite hostname="DESKTOP-G3NU5E4" failures="0" tests="1" name="com.Test.testRuner.TestRunner" time="5.962" errors="0" timestamp="28 Jun 2020 19:20:43 GMT" skipped="0">
  <testcase classname="com.Test.testRuner.TestRunner" name="feature" time="5.962"/>
</testsuite> <!-- com.Test.testRuner.TestRunner -->
